{"a8214f37e0c10c9f2bca2ee88e7183f8":{"statistic":{"failed":0,"broken":4,"skipped":0,"passed":15,"unknown":0,"total":19},"items":[{"uid":"9ab5c5ca711c2a82","reportUrl":"https://KlyukinIG.github.io/autotest/35//#testresult/9ab5c5ca711c2a82","status":"passed","time":{"start":1705955805198,"stop":1705955810806,"duration":5608}},{"uid":"5b49796f6eea9495","reportUrl":"https://KlyukinIG.github.io/autotest/34//#testresult/5b49796f6eea9495","status":"passed","time":{"start":1705955569375,"stop":1705955574940,"duration":5565}},{"uid":"4e8979a00e9d9a74","reportUrl":"https://KlyukinIG.github.io/autotest/33//#testresult/4e8979a00e9d9a74","status":"passed","time":{"start":1705952098005,"stop":1705952103570,"duration":5565}},{"uid":"9ff5f0ebb759747","reportUrl":"https://KlyukinIG.github.io/autotest/32//#testresult/9ff5f0ebb759747","status":"passed","time":{"start":1705950597720,"stop":1705950602763,"duration":5043}},{"uid":"b4dd2acbd969a7c1","reportUrl":"https://KlyukinIG.github.io/autotest/31//#testresult/b4dd2acbd969a7c1","status":"passed","time":{"start":1705950369704,"stop":1705950374499,"duration":4795}},{"uid":"14d1b66eb03a18fc","reportUrl":"https://KlyukinIG.github.io/autotest/30//#testresult/14d1b66eb03a18fc","status":"passed","time":{"start":1705949357139,"stop":1705949362224,"duration":5085}},{"uid":"7ebfec5380345bc","reportUrl":"https://KlyukinIG.github.io/autotest/29//#testresult/7ebfec5380345bc","status":"broken","statusDetails":"Could not start a new session. Response code 500. Message: session not created: Chrome failed to start: exited normally.\n  (session not created: DevToolsActivePort file doesn't exist)\n  (The process started from chrome location /usr/bin/google-chrome is no longer running, so ChromeDriver is assuming that Chrome has crashed.) \nHost info: host: 'fv-az661-991', ip: '10.1.0.208'\nBuild info: version: '4.16.1', revision: '9b4c83354e'\nSystem info: os.name: 'Linux', os.arch: 'amd64', os.version: '6.2.0-1018-azure', java.version: '17.0.10'\nDriver info: org.openqa.selenium.chrome.ChromeDriver\nCommand: [null, newSession {capabilities=[Capabilities {acceptInsecureCerts: true, browserName: chrome, goog:chromeOptions: {args: [--proxy-bypass-list=<-loopb..., --disable-dev-shm-usage, --window-size=1920,1080], binary: /usr/bin/google-chrome, excludeSwitches: [enable-automation, load-extension], extensions: [], prefs: {credentials_enable_service: false, download.default_directory: /home/runner/work/autotest/..., plugins.always_open_pdf_externally: true, profile.default_content_setting_values.automatic_downloads: 1, safebrowsing.enabled: true}}, pageLoadStrategy: normal, unhandledPromptBehavior: accept}]}]\nselenide.url: https://ru.imgbb.com\nselenide.baseUrl: http://localhost:8080","time":{"start":1705948391123,"stop":1705948397698,"duration":6575}},{"uid":"44583af35bb144d2","reportUrl":"https://KlyukinIG.github.io/autotest/28//#testresult/44583af35bb144d2","status":"broken","statusDetails":"Could not start a new session. Response code 500. Message: session not created: Chrome failed to start: exited normally.\n  (session not created: DevToolsActivePort file doesn't exist)\n  (The process started from chrome location /usr/bin/google-chrome is no longer running, so ChromeDriver is assuming that Chrome has crashed.) \nHost info: host: 'fv-az714-385', ip: '10.1.0.46'\nBuild info: version: '4.16.1', revision: '9b4c83354e'\nSystem info: os.name: 'Linux', os.arch: 'amd64', os.version: '6.2.0-1018-azure', java.version: '17.0.10'\nDriver info: org.openqa.selenium.chrome.ChromeDriver\nCommand: [null, newSession {capabilities=[Capabilities {acceptInsecureCerts: true, browserName: chrome, goog:chromeOptions: {args: [--proxy-bypass-list=<-loopb..., --disable-dev-shm-usage, --window-size=1920,1080], binary: /usr/bin/google-chrome, excludeSwitches: [enable-automation, load-extension], extensions: [], prefs: {credentials_enable_service: false, download.default_directory: /home/runner/work/autotest/..., plugins.always_open_pdf_externally: true, profile.default_content_setting_values.automatic_downloads: 1, safebrowsing.enabled: true}}, pageLoadStrategy: normal, unhandledPromptBehavior: accept}]}]\nselenide.url: https://ru.imgbb.com\nselenide.baseUrl: http://localhost:8080","time":{"start":1705948117701,"stop":1705948119200,"duration":1499}},{"uid":"48f744024f435d1c","reportUrl":"https://KlyukinIG.github.io/autotest/27//#testresult/48f744024f435d1c","status":"broken","statusDetails":"Could not start a new session. Response code 500. Message: session not created: Chrome failed to start: exited normally.\n  (session not created: DevToolsActivePort file doesn't exist)\n  (The process started from chrome location /usr/bin/google-chrome is no longer running, so ChromeDriver is assuming that Chrome has crashed.) \nHost info: host: 'fv-az523-233', ip: '10.1.0.68'\nBuild info: version: '4.16.1', revision: '9b4c83354e'\nSystem info: os.name: 'Linux', os.arch: 'amd64', os.version: '6.2.0-1018-azure', java.version: '17.0.10'\nDriver info: org.openqa.selenium.chrome.ChromeDriver\nCommand: [null, newSession {capabilities=[Capabilities {acceptInsecureCerts: true, browserName: chrome, goog:chromeOptions: {args: [--proxy-bypass-list=<-loopb..., --disable-dev-shm-usage, --window-size=1920,1080], binary: /usr/bin/google-chrome, excludeSwitches: [enable-automation, load-extension], extensions: [], prefs: {credentials_enable_service: false, download.default_directory: /home/runner/work/autotest/..., plugins.always_open_pdf_externally: true, profile.default_content_setting_values.automatic_downloads: 1, safebrowsing.enabled: true}}, pageLoadStrategy: normal, unhandledPromptBehavior: accept}]}]\nselenide.url: https://ru.imgbb.com\nselenide.baseUrl: http://localhost:8080","time":{"start":1705947911678,"stop":1705947913250,"duration":1572}},{"uid":"e139c570428c4a19","reportUrl":"https://KlyukinIG.github.io/autotest/26//#testresult/e139c570428c4a19","status":"passed","time":{"start":1705947446495,"stop":1705947451974,"duration":5479}},{"uid":"b2e5b2d44a56d3a8","reportUrl":"https://KlyukinIG.github.io/autotest/25//#testresult/b2e5b2d44a56d3a8","status":"passed","time":{"start":1705874358100,"stop":1705874364402,"duration":6302}},{"uid":"eddcc2c7f5e87531","reportUrl":"https://KlyukinIG.github.io/autotest/24//#testresult/eddcc2c7f5e87531","status":"passed","time":{"start":1705874148698,"stop":1705874154158,"duration":5460}},{"uid":"76f2fc6e9ec8f9c8","reportUrl":"https://KlyukinIG.github.io/autotest/23//#testresult/76f2fc6e9ec8f9c8","status":"passed","time":{"start":1705873572705,"stop":1705873577834,"duration":5129}},{"uid":"90266b1bc70372b0","reportUrl":"https://KlyukinIG.github.io/autotest/22//#testresult/90266b1bc70372b0","status":"passed","time":{"start":1705873198751,"stop":1705873203467,"duration":4716}},{"uid":"53ec29d6bc6b7974","reportUrl":"https://KlyukinIG.github.io/autotest/21//#testresult/53ec29d6bc6b7974","status":"passed","time":{"start":1705872194570,"stop":1705872200190,"duration":5620}},{"uid":"70d15ec401dbeaed","reportUrl":"https://KlyukinIG.github.io/autotest/20//#testresult/70d15ec401dbeaed","status":"passed","time":{"start":1705871683466,"stop":1705871689034,"duration":5568}},{"uid":"71bb65965e5fbb2e","reportUrl":"https://KlyukinIG.github.io/autotest/19//#testresult/71bb65965e5fbb2e","status":"passed","time":{"start":1705867356661,"stop":1705867361480,"duration":4819}},{"uid":"a7e340d620bd3f75","reportUrl":"https://KlyukinIG.github.io/autotest/18//#testresult/a7e340d620bd3f75","status":"passed","time":{"start":1705866289416,"stop":1705866295639,"duration":6223}},{"uid":"f44fb7138dda1a2b","reportUrl":"https://KlyukinIG.github.io/autotest/17//#testresult/f44fb7138dda1a2b","status":"broken","statusDetails":"Could not start a new session. Response code 500. Message: session not created: Chrome failed to start: exited normally.\n  (session not created: DevToolsActivePort file doesn't exist)\n  (The process started from chrome location /usr/bin/google-chrome is no longer running, so ChromeDriver is assuming that Chrome has crashed.) \nHost info: host: 'fv-az1198-14', ip: '10.1.0.61'\nBuild info: version: '4.16.1', revision: '9b4c83354e'\nSystem info: os.name: 'Linux', os.arch: 'amd64', os.version: '6.2.0-1018-azure', java.version: '17.0.10'\nDriver info: org.openqa.selenium.chrome.ChromeDriver\nCommand: [null, newSession {capabilities=[Capabilities {acceptInsecureCerts: true, browserName: chrome, goog:chromeOptions: {args: [--proxy-bypass-list=<-loopb..., --disable-dev-shm-usage, --window-size=1920,1080], binary: /usr/bin/google-chrome, excludeSwitches: [enable-automation, load-extension], extensions: [], prefs: {credentials_enable_service: false, download.default_directory: /home/runner/work/autotest/..., plugins.always_open_pdf_externally: true, profile.default_content_setting_values.automatic_downloads: 1, safebrowsing.enabled: true}}, pageLoadStrategy: normal, unhandledPromptBehavior: accept}]}]\nselenide.url: https://ru.imgbb.com\nselenide.baseUrl: http://localhost:8080","time":{"start":1705865674873,"stop":1705865683610,"duration":8737}}]},"90c94ea9b2a91149b91096491cd34167":{"statistic":{"failed":15,"broken":4,"skipped":0,"passed":0,"unknown":0,"total":19},"items":[{"uid":"91b0e29e6e44caa9","reportUrl":"https://KlyukinIG.github.io/autotest/35//#testresult/91b0e29e6e44caa9","status":"failed","statusDetails":"Element not found {.header}\nExpected: text \"Войти\"\nScreenshot: file:/home/runner/work/autotest/autotest/build/reports/tests/1705955816404.0.png\nPage source: file:/home/runner/work/autotest/autotest/build/reports/tests/1705955816404.0.html\nTimeout: 4 s.\nCaused by: NoSuchElementException: no such element: Unable to locate element: {\"method\":\"css selector\",\"selector\":\".header\"}","time":{"start":1705955810900,"stop":1705955817302,"duration":6402}},{"uid":"6b0b2e58631ed47a","reportUrl":"https://KlyukinIG.github.io/autotest/34//#testresult/6b0b2e58631ed47a","status":"failed","statusDetails":"Element not found {.header}\nExpected: text \"Войти\"\nScreenshot: file:/home/runner/work/autotest/autotest/build/reports/tests/1705955581122.0.png\nPage source: file:/home/runner/work/autotest/autotest/build/reports/tests/1705955581122.0.html\nTimeout: 4 s.\nCaused by: NoSuchElementException: no such element: Unable to locate element: {\"method\":\"css selector\",\"selector\":\".header\"}","time":{"start":1705955575035,"stop":1705955582079,"duration":7044}},{"uid":"a7725d18b41f9309","reportUrl":"https://KlyukinIG.github.io/autotest/33//#testresult/a7725d18b41f9309","status":"failed","statusDetails":"Element should have text \"Войти\" {.header}\nElement: '<div class=\"header default-margin-bottom\">Sign in</div>'\nActual value: text=\"Sign in\"\nScreenshot: file:/home/runner/work/autotest/autotest/build/reports/tests/1705952108716.0.png\nPage source: file:/home/runner/work/autotest/autotest/build/reports/tests/1705952108716.0.html\nTimeout: 4 s.","time":{"start":1705952103667,"stop":1705952109144,"duration":5477}},{"uid":"870f26c9d1ff0ed5","reportUrl":"https://KlyukinIG.github.io/autotest/32//#testresult/870f26c9d1ff0ed5","status":"failed","statusDetails":"Element not found {.header}\nExpected: text \"Войти\"\nScreenshot: file:/home/runner/work/autotest/autotest/build/reports/tests/1705950607974.0.png\nPage source: file:/home/runner/work/autotest/autotest/build/reports/tests/1705950607974.0.html\nTimeout: 4 s.\nCaused by: NoSuchElementException: no such element: Unable to locate element: {\"method\":\"css selector\",\"selector\":\".header\"}","time":{"start":1705950602855,"stop":1705950608758,"duration":5903}},{"uid":"7bf0b903994e42f1","reportUrl":"https://KlyukinIG.github.io/autotest/31//#testresult/7bf0b903994e42f1","status":"failed","statusDetails":"Element not found {.header}\nExpected: text \"Войти\"\nScreenshot: file:/home/runner/work/autotest/autotest/build/reports/tests/1705950379637.0.png\nPage source: file:/home/runner/work/autotest/autotest/build/reports/tests/1705950379637.0.html\nTimeout: 4 s.\nCaused by: NoSuchElementException: no such element: Unable to locate element: {\"method\":\"css selector\",\"selector\":\".header\"}","time":{"start":1705950374584,"stop":1705950380429,"duration":5845}},{"uid":"bf3322f2c354fe1c","reportUrl":"https://KlyukinIG.github.io/autotest/30//#testresult/bf3322f2c354fe1c","status":"failed","statusDetails":"Element not found {.header}\nExpected: text \"Войти\"\nScreenshot: file:/home/runner/work/autotest/autotest/build/reports/tests/1705949368559.0.png\nPage source: file:/home/runner/work/autotest/autotest/build/reports/tests/1705949368559.0.html\nTimeout: 4 s.\nCaused by: NoSuchElementException: no such element: Unable to locate element: {\"method\":\"css selector\",\"selector\":\".header\"}","time":{"start":1705949362314,"stop":1705949370694,"duration":8380}},{"uid":"7f82940956cade58","reportUrl":"https://KlyukinIG.github.io/autotest/29//#testresult/7f82940956cade58","status":"broken","statusDetails":"Could not start a new session. Response code 500. Message: session not created: Chrome failed to start: exited normally.\n  (session not created: DevToolsActivePort file doesn't exist)\n  (The process started from chrome location /usr/bin/google-chrome is no longer running, so ChromeDriver is assuming that Chrome has crashed.) \nHost info: host: 'fv-az661-991', ip: '10.1.0.208'\nBuild info: version: '4.16.1', revision: '9b4c83354e'\nSystem info: os.name: 'Linux', os.arch: 'amd64', os.version: '6.2.0-1018-azure', java.version: '17.0.10'\nDriver info: org.openqa.selenium.chrome.ChromeDriver\nCommand: [null, newSession {capabilities=[Capabilities {acceptInsecureCerts: true, browserName: chrome, goog:chromeOptions: {args: [--proxy-bypass-list=<-loopb..., --disable-dev-shm-usage, --window-size=1920,1080], binary: /usr/bin/google-chrome, excludeSwitches: [enable-automation, load-extension], extensions: [], prefs: {credentials_enable_service: false, download.default_directory: /home/runner/work/autotest/..., plugins.always_open_pdf_externally: true, profile.default_content_setting_values.automatic_downloads: 1, safebrowsing.enabled: true}}, pageLoadStrategy: normal, unhandledPromptBehavior: accept}]}]\nselenide.url: https://ru.imgbb.com\nselenide.baseUrl: http://localhost:8080","time":{"start":1705948397793,"stop":1705948398064,"duration":271}},{"uid":"ede0532e40bf296e","reportUrl":"https://KlyukinIG.github.io/autotest/28//#testresult/ede0532e40bf296e","status":"broken","statusDetails":"Could not start a new session. Response code 500. Message: session not created: Chrome failed to start: exited normally.\n  (session not created: DevToolsActivePort file doesn't exist)\n  (The process started from chrome location /usr/bin/google-chrome is no longer running, so ChromeDriver is assuming that Chrome has crashed.) \nHost info: host: 'fv-az714-385', ip: '10.1.0.46'\nBuild info: version: '4.16.1', revision: '9b4c83354e'\nSystem info: os.name: 'Linux', os.arch: 'amd64', os.version: '6.2.0-1018-azure', java.version: '17.0.10'\nDriver info: org.openqa.selenium.chrome.ChromeDriver\nCommand: [null, newSession {capabilities=[Capabilities {acceptInsecureCerts: true, browserName: chrome, goog:chromeOptions: {args: [--proxy-bypass-list=<-loopb..., --disable-dev-shm-usage, --window-size=1920,1080], binary: /usr/bin/google-chrome, excludeSwitches: [enable-automation, load-extension], extensions: [], prefs: {credentials_enable_service: false, download.default_directory: /home/runner/work/autotest/..., plugins.always_open_pdf_externally: true, profile.default_content_setting_values.automatic_downloads: 1, safebrowsing.enabled: true}}, pageLoadStrategy: normal, unhandledPromptBehavior: accept}]}]\nselenide.url: https://ru.imgbb.com\nselenide.baseUrl: http://localhost:8080","time":{"start":1705948119297,"stop":1705948119600,"duration":303}},{"uid":"1fe59866dc2cf922","reportUrl":"https://KlyukinIG.github.io/autotest/27//#testresult/1fe59866dc2cf922","status":"broken","statusDetails":"Could not start a new session. Response code 500. Message: session not created: Chrome failed to start: exited normally.\n  (session not created: DevToolsActivePort file doesn't exist)\n  (The process started from chrome location /usr/bin/google-chrome is no longer running, so ChromeDriver is assuming that Chrome has crashed.) \nHost info: host: 'fv-az523-233', ip: '10.1.0.68'\nBuild info: version: '4.16.1', revision: '9b4c83354e'\nSystem info: os.name: 'Linux', os.arch: 'amd64', os.version: '6.2.0-1018-azure', java.version: '17.0.10'\nDriver info: org.openqa.selenium.chrome.ChromeDriver\nCommand: [null, newSession {capabilities=[Capabilities {acceptInsecureCerts: true, browserName: chrome, goog:chromeOptions: {args: [--proxy-bypass-list=<-loopb..., --disable-dev-shm-usage, --window-size=1920,1080], binary: /usr/bin/google-chrome, excludeSwitches: [enable-automation, load-extension], extensions: [], prefs: {credentials_enable_service: false, download.default_directory: /home/runner/work/autotest/..., plugins.always_open_pdf_externally: true, profile.default_content_setting_values.automatic_downloads: 1, safebrowsing.enabled: true}}, pageLoadStrategy: normal, unhandledPromptBehavior: accept}]}]\nselenide.url: https://ru.imgbb.com\nselenide.baseUrl: http://localhost:8080","time":{"start":1705947913329,"stop":1705947913622,"duration":293}},{"uid":"8d446e38650c2205","reportUrl":"https://KlyukinIG.github.io/autotest/26//#testresult/8d446e38650c2205","status":"failed","statusDetails":"Element not found {.header}\nExpected: text \"Войти\"\nScreenshot: file:/home/runner/work/autotest/autotest/build/reports/tests/1705947457443.0.png\nPage source: file:/home/runner/work/autotest/autotest/build/reports/tests/1705947457443.0.html\nTimeout: 4 s.\nCaused by: NoSuchElementException: no such element: Unable to locate element: {\"method\":\"css selector\",\"selector\":\".header\"}","time":{"start":1705947452075,"stop":1705947458223,"duration":6148}},{"uid":"9cedbf7b5539b17e","reportUrl":"https://KlyukinIG.github.io/autotest/25//#testresult/9cedbf7b5539b17e","status":"failed","statusDetails":"Element not found {.header}\nExpected: text \"Войти\"\nScreenshot: file:/home/runner/work/autotest/autotest/build/reports/tests/1705874369586.0.png\nPage source: file:/home/runner/work/autotest/autotest/build/reports/tests/1705874369586.0.html\nTimeout: 4 s.\nCaused by: NoSuchElementException: no such element: Unable to locate element: {\"method\":\"css selector\",\"selector\":\".header\"}","time":{"start":1705874364492,"stop":1705874370434,"duration":5942}},{"uid":"e01b8af320bfc431","reportUrl":"https://KlyukinIG.github.io/autotest/24//#testresult/e01b8af320bfc431","status":"failed","statusDetails":"Element not found {.header}\nExpected: text \"Войти\"\nScreenshot: file:/home/runner/work/autotest/autotest/build/reports/tests/1705874159569.0.png\nPage source: file:/home/runner/work/autotest/autotest/build/reports/tests/1705874159569.0.html\nTimeout: 4 s.\nCaused by: NoSuchElementException: no such element: Unable to locate element: {\"method\":\"css selector\",\"selector\":\".header\"}","time":{"start":1705874154247,"stop":1705874160745,"duration":6498}},{"uid":"1610ecf4c7cd2caf","reportUrl":"https://KlyukinIG.github.io/autotest/23//#testresult/1610ecf4c7cd2caf","status":"failed","statusDetails":"Element not found {.header}\nExpected: text \"Войти\"\nScreenshot: file:/home/runner/work/autotest/autotest/build/reports/tests/1705873582976.0.png\nPage source: file:/home/runner/work/autotest/autotest/build/reports/tests/1705873582976.0.html\nTimeout: 4 s.\nCaused by: NoSuchElementException: no such element: Unable to locate element: {\"method\":\"css selector\",\"selector\":\".header\"}","time":{"start":1705873577911,"stop":1705873583816,"duration":5905}},{"uid":"daf30f418ca6cefd","reportUrl":"https://KlyukinIG.github.io/autotest/22//#testresult/daf30f418ca6cefd","status":"failed","statusDetails":"Element not found {.header}\nExpected: text \"Войти\"\nScreenshot: file:/home/runner/work/autotest/autotest/build/reports/tests/1705873208659.0.png\nPage source: file:/home/runner/work/autotest/autotest/build/reports/tests/1705873208659.0.html\nTimeout: 4 s.\nCaused by: NoSuchElementException: no such element: Unable to locate element: {\"method\":\"css selector\",\"selector\":\".header\"}","time":{"start":1705873203558,"stop":1705873209441,"duration":5883}},{"uid":"e0477e8c4659a7c9","reportUrl":"https://KlyukinIG.github.io/autotest/21//#testresult/e0477e8c4659a7c9","status":"failed","statusDetails":"Element not found {.header}\nExpected: text \"Войти\"\nScreenshot: file:/home/runner/work/autotest/autotest/build/reports/tests/1705872205434.0.png\nPage source: file:/home/runner/work/autotest/autotest/build/reports/tests/1705872205434.0.html\nTimeout: 4 s.\nCaused by: NoSuchElementException: no such element: Unable to locate element: {\"method\":\"css selector\",\"selector\":\".header\"}","time":{"start":1705872200285,"stop":1705872206254,"duration":5969}},{"uid":"b05b2795b2edfb43","reportUrl":"https://KlyukinIG.github.io/autotest/20//#testresult/b05b2795b2edfb43","status":"failed","statusDetails":"Element not found {.header}\nExpected: text \"Войти\"\nScreenshot: file:/home/runner/work/autotest/autotest/build/reports/tests/1705871695910.0.png\nPage source: file:/home/runner/work/autotest/autotest/build/reports/tests/1705871695910.0.html\nTimeout: 4 s.\nCaused by: NoSuchElementException: no such element: Unable to locate element: {\"method\":\"css selector\",\"selector\":\".header\"}","time":{"start":1705871689131,"stop":1705871696905,"duration":7774}},{"uid":"e0a7001e44ec0249","reportUrl":"https://KlyukinIG.github.io/autotest/19//#testresult/e0a7001e44ec0249","status":"failed","statusDetails":"Element not found {.header}\nExpected: text \"Войти\"\nScreenshot: file:/home/runner/work/autotest/autotest/build/reports/tests/1705867367099.0.png\nPage source: file:/home/runner/work/autotest/autotest/build/reports/tests/1705867367099.0.html\nTimeout: 4 s.\nCaused by: NoSuchElementException: no such element: Unable to locate element: {\"method\":\"css selector\",\"selector\":\".header\"}","time":{"start":1705867361569,"stop":1705867368432,"duration":6863}},{"uid":"ba6ed3586f332609","reportUrl":"https://KlyukinIG.github.io/autotest/18//#testresult/ba6ed3586f332609","status":"failed","statusDetails":"Element not found {.header}\nExpected: text \"Войти\"\nScreenshot: file:/home/runner/work/autotest/autotest/build/reports/tests/1705866301159.0.png\nPage source: file:/home/runner/work/autotest/autotest/build/reports/tests/1705866301159.0.html\nTimeout: 4 s.\nCaused by: NoSuchElementException: no such element: Unable to locate element: {\"method\":\"css selector\",\"selector\":\".header\"}","time":{"start":1705866295731,"stop":1705866302081,"duration":6350}},{"uid":"fa9437f529f753cd","reportUrl":"https://KlyukinIG.github.io/autotest/17//#testresult/fa9437f529f753cd","status":"broken","statusDetails":"Could not start a new session. Response code 500. Message: session not created: Chrome failed to start: exited normally.\n  (session not created: DevToolsActivePort file doesn't exist)\n  (The process started from chrome location /usr/bin/google-chrome is no longer running, so ChromeDriver is assuming that Chrome has crashed.) \nHost info: host: 'fv-az1198-14', ip: '10.1.0.61'\nBuild info: version: '4.16.1', revision: '9b4c83354e'\nSystem info: os.name: 'Linux', os.arch: 'amd64', os.version: '6.2.0-1018-azure', java.version: '17.0.10'\nDriver info: org.openqa.selenium.chrome.ChromeDriver\nCommand: [null, newSession {capabilities=[Capabilities {acceptInsecureCerts: true, browserName: chrome, goog:chromeOptions: {args: [--proxy-bypass-list=<-loopb..., --disable-dev-shm-usage, --window-size=1920,1080], binary: /usr/bin/google-chrome, excludeSwitches: [enable-automation, load-extension], extensions: [], prefs: {credentials_enable_service: false, download.default_directory: /home/runner/work/autotest/..., plugins.always_open_pdf_externally: true, profile.default_content_setting_values.automatic_downloads: 1, safebrowsing.enabled: true}}, pageLoadStrategy: normal, unhandledPromptBehavior: accept}]}]\nselenide.url: https://ru.imgbb.com\nselenide.baseUrl: http://localhost:8080","time":{"start":1705865683706,"stop":1705865683938,"duration":232}}]}}