{"a8214f37e0c10c9f2bca2ee88e7183f8":{"statistic":{"failed":0,"broken":1,"skipped":0,"passed":2,"unknown":0,"total":3},"items":[{"uid":"71bb65965e5fbb2e","reportUrl":"https://KlyukinIG.github.io/autotest/19//#testresult/71bb65965e5fbb2e","status":"passed","time":{"start":1705867356661,"stop":1705867361480,"duration":4819}},{"uid":"a7e340d620bd3f75","reportUrl":"https://KlyukinIG.github.io/autotest/18//#testresult/a7e340d620bd3f75","status":"passed","time":{"start":1705866289416,"stop":1705866295639,"duration":6223}},{"uid":"f44fb7138dda1a2b","reportUrl":"https://KlyukinIG.github.io/autotest/17//#testresult/f44fb7138dda1a2b","status":"broken","statusDetails":"Could not start a new session. Response code 500. Message: session not created: Chrome failed to start: exited normally.\n  (session not created: DevToolsActivePort file doesn't exist)\n  (The process started from chrome location /usr/bin/google-chrome is no longer running, so ChromeDriver is assuming that Chrome has crashed.) \nHost info: host: 'fv-az1198-14', ip: '10.1.0.61'\nBuild info: version: '4.16.1', revision: '9b4c83354e'\nSystem info: os.name: 'Linux', os.arch: 'amd64', os.version: '6.2.0-1018-azure', java.version: '17.0.10'\nDriver info: org.openqa.selenium.chrome.ChromeDriver\nCommand: [null, newSession {capabilities=[Capabilities {acceptInsecureCerts: true, browserName: chrome, goog:chromeOptions: {args: [--proxy-bypass-list=<-loopb..., --disable-dev-shm-usage, --window-size=1920,1080], binary: /usr/bin/google-chrome, excludeSwitches: [enable-automation, load-extension], extensions: [], prefs: {credentials_enable_service: false, download.default_directory: /home/runner/work/autotest/..., plugins.always_open_pdf_externally: true, profile.default_content_setting_values.automatic_downloads: 1, safebrowsing.enabled: true}}, pageLoadStrategy: normal, unhandledPromptBehavior: accept}]}]\nselenide.url: https://ru.imgbb.com\nselenide.baseUrl: http://localhost:8080","time":{"start":1705865674873,"stop":1705865683610,"duration":8737}}]},"90c94ea9b2a91149b91096491cd34167":{"statistic":{"failed":2,"broken":1,"skipped":0,"passed":0,"unknown":0,"total":3},"items":[{"uid":"e0a7001e44ec0249","reportUrl":"https://KlyukinIG.github.io/autotest/19//#testresult/e0a7001e44ec0249","status":"failed","statusDetails":"Element not found {.header}\nExpected: text \"Войти\"\nScreenshot: file:/home/runner/work/autotest/autotest/build/reports/tests/1705867367099.0.png\nPage source: file:/home/runner/work/autotest/autotest/build/reports/tests/1705867367099.0.html\nTimeout: 4 s.\nCaused by: NoSuchElementException: no such element: Unable to locate element: {\"method\":\"css selector\",\"selector\":\".header\"}","time":{"start":1705867361569,"stop":1705867368432,"duration":6863}},{"uid":"ba6ed3586f332609","reportUrl":"https://KlyukinIG.github.io/autotest/18//#testresult/ba6ed3586f332609","status":"failed","statusDetails":"Element not found {.header}\nExpected: text \"Войти\"\nScreenshot: file:/home/runner/work/autotest/autotest/build/reports/tests/1705866301159.0.png\nPage source: file:/home/runner/work/autotest/autotest/build/reports/tests/1705866301159.0.html\nTimeout: 4 s.\nCaused by: NoSuchElementException: no such element: Unable to locate element: {\"method\":\"css selector\",\"selector\":\".header\"}","time":{"start":1705866295731,"stop":1705866302081,"duration":6350}},{"uid":"fa9437f529f753cd","reportUrl":"https://KlyukinIG.github.io/autotest/17//#testresult/fa9437f529f753cd","status":"broken","statusDetails":"Could not start a new session. Response code 500. Message: session not created: Chrome failed to start: exited normally.\n  (session not created: DevToolsActivePort file doesn't exist)\n  (The process started from chrome location /usr/bin/google-chrome is no longer running, so ChromeDriver is assuming that Chrome has crashed.) \nHost info: host: 'fv-az1198-14', ip: '10.1.0.61'\nBuild info: version: '4.16.1', revision: '9b4c83354e'\nSystem info: os.name: 'Linux', os.arch: 'amd64', os.version: '6.2.0-1018-azure', java.version: '17.0.10'\nDriver info: org.openqa.selenium.chrome.ChromeDriver\nCommand: [null, newSession {capabilities=[Capabilities {acceptInsecureCerts: true, browserName: chrome, goog:chromeOptions: {args: [--proxy-bypass-list=<-loopb..., --disable-dev-shm-usage, --window-size=1920,1080], binary: /usr/bin/google-chrome, excludeSwitches: [enable-automation, load-extension], extensions: [], prefs: {credentials_enable_service: false, download.default_directory: /home/runner/work/autotest/..., plugins.always_open_pdf_externally: true, profile.default_content_setting_values.automatic_downloads: 1, safebrowsing.enabled: true}}, pageLoadStrategy: normal, unhandledPromptBehavior: accept}]}]\nselenide.url: https://ru.imgbb.com\nselenide.baseUrl: http://localhost:8080","time":{"start":1705865683706,"stop":1705865683938,"duration":232}}]}}